# JRE version: Java(TM) SE Runtime Environment 18.9 (11.0.8+10) (build 11.0.8+10-LTS)
# Java VM: Java HotSpot(TM) 64-Bit Server VM 18.9 (11.0.8+10-LTS, mixed mode, tiered, compressed oops, g1 gc, windows-amd64)
Heap:
 garbage-first heap   total 76800K, used 50919K [0x00000000c2200000, 0x0000000100000000)
  region size 1024K, 23 young (23552K), 5 survivors (5120K)
 Metaspace       used 79716K, capacity 81807K, committed 81996K, reserved 1120256K
  class space    used 10176K, capacity 11003K, committed 11084K, reserved 1048576K
GC Heap History (10 events):
Event: 24.185 GC heap before
{Heap before GC invocations=22 (full 0):
 garbage-first heap   total 76800K, used 58203K [0x00000000c2200000, 0x0000000100000000)
  region size 1024K, 36 young (36864K), 5 survivors (5120K)
 Metaspace       used 63790K, capacity 65292K, committed 65484K, reserved 1105920K
  class space    used 8166K, capacity 8783K, committed 8908K, reserved 1048576K
}
Event: 24.195 GC heap after
{Heap after GC invocations=23 (full 0):
 garbage-first heap   total 76800K, used 27927K [0x00000000c2200000, 0x0000000100000000)
  region size 1024K, 4 young (4096K), 4 survivors (4096K)
 Metaspace       used 63790K, capacity 65292K, committed 65484K, reserved 1105920K
  class space    used 8166K, capacity 8783K, committed 8908K, reserved 1048576K
}
Event: 25.073 GC heap before
{Heap before GC invocations=23 (full 0):
 garbage-first heap   total 76800K, used 59671K [0x00000000c2200000, 0x0000000100000000)
  region size 1024K, 35 young (35840K), 4 survivors (4096K)
 Metaspace       used 64429K, capacity 65960K, committed 66252K, reserved 1105920K
  class space    used 8214K, capacity 8827K, committed 8908K, reserved 1048576K
}
Event: 25.098 GC heap after
{Heap after GC invocations=24 (full 0):
 garbage-first heap   total 76800K, used 28529K [0x00000000c2200000, 0x0000000100000000)
  region size 1024K, 2 young (2048K), 2 survivors (2048K)
 Metaspace       used 64429K, capacity 65960K, committed 66252K, reserved 1105920K
  class space    used 8214K, capacity 8827K, committed 8908K, reserved 1048576K
}
Event: 27.245 GC heap before
{Heap before GC invocations=24 (full 0):
 garbage-first heap   total 76800K, used 61297K [0x00000000c2200000, 0x0000000100000000)
  region size 1024K, 34 young (34816K), 2 survivors (2048K)
 Metaspace       used 68834K, capacity 70446K, committed 70732K, reserved 1110016K
  class space    used 8793K, capacity 9446K, committed 9548K, reserved 1048576K
}
Event: 27.253 GC heap after
{Heap after GC invocations=25 (full 0):
 garbage-first heap   total 76800K, used 30361K [0x00000000c2200000, 0x0000000100000000)
  region size 1024K, 4 young (4096K), 4 survivors (4096K)
 Metaspace       used 68834K, capacity 70446K, committed 70732K, reserved 1110016K
  class space    used 8793K, capacity 9446K, committed 9548K, reserved 1048576K
}
Event: 36.030 GC heap before
{Heap before GC invocations=25 (full 0):
 garbage-first heap   total 76800K, used 62105K [0x00000000c2200000, 0x0000000100000000)
  region size 1024K, 35 young (35840K), 4 survivors (4096K)
 Metaspace       used 72571K, capacity 74365K, committed 74572K, reserved 1114112K
  class space    used 9264K, capacity 9974K, committed 10060K, reserved 1048576K
}
Event: 36.045 GC heap after
{Heap after GC invocations=26 (full 0):
 garbage-first heap   total 76800K, used 32233K [0x00000000c2200000, 0x0000000100000000)
  region size 1024K, 5 young (5120K), 5 survivors (5120K)
 Metaspace       used 72571K, capacity 74365K, committed 74572K, reserved 1114112K
  class space    used 9264K, capacity 9974K, committed 10060K, reserved 1048576K
}
Event: 39.156 GC heap before
{Heap before GC invocations=26 (full 0):
 garbage-first heap   total 76800K, used 60905K [0x00000000c2200000, 0x0000000100000000)
  region size 1024K, 34 young (34816K), 5 survivors (5120K)
 Metaspace       used 78646K, capacity 80736K, committed 80844K, reserved 1120256K
  class space    used 10081K, capacity 10911K, committed 10956K, reserved 1048576K
}
Event: 39.179 GC heap after
{Heap after GC invocations=27 (full 0):
 garbage-first heap   total 76800K, used 34535K [0x00000000c2200000, 0x0000000100000000)
  region size 1024K, 5 young (5120K), 5 survivors (5120K)
 Metaspace       used 78646K, capacity 80736K, committed 80844K, reserved 1120256K
  class space    used 10081K, capacity 10911K, committed 10956K, reserved 1048576K
}

